# JRE version: Java(TM) SE Runtime Environment (8.0_381) (build 1.8.0_381-b09)
# Java VM: Java HotSpot(TM) 64-Bit Server VM (25.381-b09 mixed mode windows-amd64 compressed oops)
Heap:
 PSYoungGen      total 547840K, used 457768K [0x0000000715d00000, 0x0000000738900000, 0x00000007c0000000)
  eden space 526336K, 86% used [0x0000000715d00000,0x0000000731c0a060,0x0000000735f00000)
  from space 21504K, 0% used [0x0000000737400000,0x0000000737400000,0x0000000738900000)
  to   space 21504K, 0% used [0x0000000735f00000,0x0000000735f00000,0x0000000737400000)
 ParOldGen       total 349696K, used 27297K [0x00000005c1600000, 0x00000005d6b80000, 0x0000000715d00000)
  object space 349696K, 7% used [0x00000005c1600000,0x00000005c30a86e8,0x00000005d6b80000)
 Metaspace       used 61472K, capacity 62577K, committed 62848K, reserved 1103872K
  class space    used 8476K, capacity 8728K, committed 8832K, reserved 1048576K
GC Heap History (10 events):
Event: 3.171 GC heap before
{Heap before GC invocations=26 (full 12):
 PSYoungGen      total 547840K, used 11556K [0x0000000715d00000, 0x0000000738900000, 0x00000007c0000000)
  eden space 526336K, 0% used [0x0000000715d00000,0x0000000715d00000,0x0000000735f00000)
  from space 21504K, 53% used [0x0000000737400000,0x0000000737f49250,0x0000000738900000)
  to   space 21504K, 0% used [0x0000000735f00000,0x0000000735f00000,0x0000000737400000)
 ParOldGen       total 349696K, used 23567K [0x00000005c1600000, 0x00000005d6b80000, 0x0000000715d00000)
  object space 349696K, 6% used [0x00000005c1600000,0x00000005c2d03c78,0x00000005d6b80000)
 Metaspace       used 42498K, capacity 43001K, committed 43648K, reserved 1087488K
  class space    used 5719K, capacity 5893K, committed 6016K, reserved 1048576K
Event: 3.255 GC heap after
Heap after GC invocations=26 (full 12):
 PSYoungGen      total 547840K, used 0K [0x0000000715d00000, 0x0000000738900000, 0x00000007c0000000)
  eden space 526336K, 0% used [0x0000000715d00000,0x0000000715d00000,0x0000000735f00000)
  from space 21504K, 0% used [0x0000000737400000,0x0000000737400000,0x0000000738900000)
  to   space 21504K, 0% used [0x0000000735f00000,0x0000000735f00000,0x0000000737400000)
 ParOldGen       total 349696K, used 25574K [0x00000005c1600000, 0x00000005d6b80000, 0x0000000715d00000)
  object space 349696K, 7% used [0x00000005c1600000,0x00000005c2ef98c0,0x00000005d6b80000)
 Metaspace       used 42498K, capacity 43001K, committed 43648K, reserved 1087488K
  class space    used 5719K, capacity 5893K, committed 6016K, reserved 1048576K
}
Event: 4.042 GC heap before
{Heap before GC invocations=27 (full 12):
 PSYoungGen      total 547840K, used 183471K [0x0000000715d00000, 0x0000000738900000, 0x00000007c0000000)
  eden space 526336K, 34% used [0x0000000715d00000,0x000000072102be28,0x0000000735f00000)
  from space 21504K, 0% used [0x0000000737400000,0x0000000737400000,0x0000000738900000)
  to   space 21504K, 0% used [0x0000000735f00000,0x0000000735f00000,0x0000000737400000)
 ParOldGen       total 349696K, used 25574K [0x00000005c1600000, 0x00000005d6b80000, 0x0000000715d00000)
  object space 349696K, 7% used [0x00000005c1600000,0x00000005c2ef98c0,0x00000005d6b80000)
 Metaspace       used 50261K, capacity 51191K, committed 51584K, reserved 1093632K
  class space    used 7180K, capacity 7438K, committed 7552K, reserved 1048576K
Event: 4.048 GC heap after
Heap after GC invocations=27 (full 12):
 PSYoungGen      total 547840K, used 11786K [0x0000000715d00000, 0x0000000738900000, 0x00000007c0000000)
  eden space 526336K, 0% used [0x0000000715d00000,0x0000000715d00000,0x0000000735f00000)
  from space 21504K, 54% used [0x0000000735f00000,0x0000000736a82b00,0x0000000737400000)
  to   space 21504K, 0% used [0x0000000737400000,0x0000000737400000,0x0000000738900000)
 ParOldGen       total 349696K, used 25582K [0x00000005c1600000, 0x00000005d6b80000, 0x0000000715d00000)
  object space 349696K, 7% used [0x00000005c1600000,0x00000005c2efb8c0,0x00000005d6b80000)
 Metaspace       used 50261K, capacity 51191K, committed 51584K, reserved 1093632K
  class space    used 7180K, capacity 7438K, committed 7552K, reserved 1048576K
}
Event: 4.048 GC heap before
{Heap before GC invocations=28 (full 13):
 PSYoungGen      total 547840K, used 11786K [0x0000000715d00000, 0x0000000738900000, 0x00000007c0000000)
  eden space 526336K, 0% used [0x0000000715d00000,0x0000000715d00000,0x0000000735f00000)
  from space 21504K, 54% used [0x0000000735f00000,0x0000000736a82b00,0x0000000737400000)
  to   space 21504K, 0% used [0x0000000737400000,0x0000000737400000,0x0000000738900000)
 ParOldGen       total 349696K, used 25582K [0x00000005c1600000, 0x00000005d6b80000, 0x0000000715d00000)
  object space 349696K, 7% used [0x00000005c1600000,0x00000005c2efb8c0,0x00000005d6b80000)
 Metaspace       used 50261K, capacity 51191K, committed 51584K, reserved 1093632K
  class space    used 7180K, capacity 7438K, committed 7552K, reserved 1048576K
Event: 4.144 GC heap after
Heap after GC invocations=28 (full 13):
 PSYoungGen      total 547840K, used 0K [0x0000000715d00000, 0x0000000738900000, 0x00000007c0000000)
  eden space 526336K, 0% used [0x0000000715d00000,0x0000000715d00000,0x0000000735f00000)
  from space 21504K, 0% used [0x0000000735f00000,0x0000000735f00000,0x0000000737400000)
  to   space 21504K, 0% used [0x0000000737400000,0x0000000737400000,0x0000000738900000)
 ParOldGen       total 349696K, used 30999K [0x00000005c1600000, 0x00000005d6b80000, 0x0000000715d00000)
  object space 349696K, 8% used [0x00000005c1600000,0x00000005c3445e78,0x00000005d6b80000)
 Metaspace       used 50261K, capacity 51191K, committed 51584K, reserved 1093632K
  class space    used 7180K, capacity 7438K, committed 7552K, reserved 1048576K
}
Event: 4.184 GC heap before
{Heap before GC invocations=29 (full 13):
 PSYoungGen      total 547840K, used 13650K [0x0000000715d00000, 0x0000000738900000, 0x00000007c0000000)
  eden space 526336K, 2% used [0x0000000715d00000,0x0000000716a54978,0x0000000735f00000)
  from space 21504K, 0% used [0x0000000735f00000,0x0000000735f00000,0x0000000737400000)
  to   space 21504K, 0% used [0x0000000737400000,0x0000000737400000,0x0000000738900000)
 ParOldGen       total 349696K, used 30999K [0x00000005c1600000, 0x00000005d6b80000, 0x0000000715d00000)
  object space 349696K, 8% used [0x00000005c1600000,0x00000005c3445e78,0x00000005d6b80000)
 Metaspace       used 50261K, capacity 51191K, committed 51584K, reserved 1093632K
  class space    used 7180K, capacity 7438K, committed 7552K, reserved 1048576K
Event: 4.185 GC heap after
Heap after GC invocations=29 (full 13):
 PSYoungGen      total 547840K, used 160K [0x0000000715d00000, 0x0000000738900000, 0x00000007c0000000)
  eden space 526336K, 0% used [0x0000000715d00000,0x0000000715d00000,0x0000000735f00000)
  from space 21504K, 0% used [0x0000000737400000,0x0000000737428000,0x0000000738900000)
  to   space 21504K, 0% used [0x0000000735f00000,0x0000000735f00000,0x0000000737400000)
 ParOldGen       total 349696K, used 30999K [0x00000005c1600000, 0x00000005d6b80000, 0x0000000715d00000)
  object space 349696K, 8% used [0x00000005c1600000,0x00000005c3445e78,0x00000005d6b80000)
 Metaspace       used 50261K, capacity 51191K, committed 51584K, reserved 1093632K
  class space    used 7180K, capacity 7438K, committed 7552K, reserved 1048576K
}
Event: 4.185 GC heap before
{Heap before GC invocations=30 (full 14):
 PSYoungGen      total 547840K, used 160K [0x0000000715d00000, 0x0000000738900000, 0x00000007c0000000)
  eden space 526336K, 0% used [0x0000000715d00000,0x0000000715d00000,0x0000000735f00000)
  from space 21504K, 0% used [0x0000000737400000,0x0000000737428000,0x0000000738900000)
  to   space 21504K, 0% used [0x0000000735f00000,0x0000000735f00000,0x0000000737400000)
 ParOldGen       total 349696K, used 30999K [0x00000005c1600000, 0x00000005d6b80000, 0x0000000715d00000)
  object space 349696K, 8% used [0x00000005c1600000,0x00000005c3445e78,0x00000005d6b80000)
 Metaspace       used 50261K, capacity 51191K, committed 51584K, reserved 1093632K
  class space    used 7180K, capacity 7438K, committed 7552K, reserved 1048576K
Event: 4.275 GC heap after
Heap after GC invocations=30 (full 14):
 PSYoungGen      total 547840K, used 0K [0x0000000715d00000, 0x0000000738900000, 0x00000007c0000000)
  eden space 526336K, 0% used [0x0000000715d00000,0x0000000715d00000,0x0000000735f00000)
  from space 21504K, 0% used [0x0000000737400000,0x0000000737400000,0x0000000738900000)
  to   space 21504K, 0% used [0x0000000735f00000,0x0000000735f00000,0x0000000737400000)
 ParOldGen       total 349696K, used 27297K [0x00000005c1600000, 0x00000005d6b80000, 0x0000000715d00000)
  object space 349696K, 7% used [0x00000005c1600000,0x00000005c30a86e8,0x00000005d6b80000)
 Metaspace       used 50261K, capacity 51191K, committed 51584K, reserved 1093632K
  class space    used 7180K, capacity 7438K, committed 7552K, reserved 1048576K
}

