# JRE version: OpenJDK Runtime Environment Zulu11.70+15-CA (11.0.22+7) (build 11.0.22+7-LTS)
# Java VM: OpenJDK 64-Bit Server VM Zulu11.70+15-CA (11.0.22+7-LTS, mixed mode, tiered, compressed oops, g1 gc, windows-amd64)
Heap:
 garbage-first heap   total 313344K, used 35545K [0x0000000601600000, 0x0000000800000000)
  region size 2048K, 4 young (8192K), 3 survivors (6144K)
 Metaspace       used 26798K, capacity 27209K, committed 27264K, reserved 1073152K
  class space    used 3007K, capacity 3164K, committed 3200K, reserved 1048576K
GC Heap History (18 events):
Event: 0.259 GC heap before
{Heap before GC invocations=0 (full 0):
 garbage-first heap   total 524288K, used 22528K [0x0000000601600000, 0x0000000800000000)
  region size 2048K, 12 young (24576K), 0 survivors (0K)
 Metaspace       used 5996K, capacity 6086K, committed 6144K, reserved 1056768K
  class space    used 465K, capacity 493K, committed 512K, reserved 1048576K
}
Event: 0.263 GC heap after
{Heap after GC invocations=1 (full 0):
 garbage-first heap   total 524288K, used 11365K [0x0000000601600000, 0x0000000800000000)
  region size 2048K, 2 young (4096K), 2 survivors (4096K)
 Metaspace       used 5996K, capacity 6086K, committed 6144K, reserved 1056768K
  class space    used 465K, capacity 493K, committed 512K, reserved 1048576K
}
Event: 0.382 GC heap before
{Heap before GC invocations=1 (full 0):
 garbage-first heap   total 524288K, used 29797K [0x0000000601600000, 0x0000000800000000)
  region size 2048K, 12 young (24576K), 2 survivors (4096K)
 Metaspace       used 7728K, capacity 7792K, committed 7936K, reserved 1056768K
  class space    used 624K, capacity 656K, committed 768K, reserved 1048576K
}
Event: 0.385 GC heap after
{Heap after GC invocations=2 (full 0):
 garbage-first heap   total 524288K, used 19618K [0x0000000601600000, 0x0000000800000000)
  region size 2048K, 2 young (4096K), 2 survivors (4096K)
 Metaspace       used 7728K, capacity 7792K, committed 7936K, reserved 1056768K
  class space    used 624K, capacity 656K, committed 768K, reserved 1048576K
}
Event: 0.680 GC heap before
{Heap before GC invocations=2 (full 0):
 garbage-first heap   total 524288K, used 50338K [0x0000000601600000, 0x0000000800000000)
  region size 2048K, 18 young (36864K), 2 survivors (4096K)
 Metaspace       used 11563K, capacity 11673K, committed 11904K, reserved 1060864K
  class space    used 1003K, capacity 1056K, committed 1152K, reserved 1048576K
}
Event: 0.691 GC heap after
{Heap after GC invocations=3 (full 1):
 garbage-first heap   total 116736K, used 21533K [0x0000000601600000, 0x0000000800000000)
  region size 2048K, 0 young (0K), 0 survivors (0K)
 Metaspace       used 11563K, capacity 11673K, committed 11904K, reserved 1060864K
  class space    used 1003K, capacity 1056K, committed 1152K, reserved 1048576K
}
Event: 0.896 GC heap before
{Heap before GC invocations=3 (full 1):
 garbage-first heap   total 116736K, used 48157K [0x0000000601600000, 0x0000000800000000)
  region size 2048K, 13 young (26624K), 0 survivors (0K)
 Metaspace       used 13797K, capacity 14079K, committed 14336K, reserved 1062912K
  class space    used 1338K, capacity 1410K, committed 1536K, reserved 1048576K
}
Event: 0.897 GC heap after
{Heap after GC invocations=4 (full 1):
 garbage-first heap   total 116736K, used 23271K [0x0000000601600000, 0x0000000800000000)
  region size 2048K, 1 young (2048K), 1 survivors (2048K)
 Metaspace       used 13797K, capacity 14079K, committed 14336K, reserved 1062912K
  class space    used 1338K, capacity 1410K, committed 1536K, reserved 1048576K
}
Event: 1.027 GC heap before
{Heap before GC invocations=4 (full 1):
 garbage-first heap   total 116736K, used 66279K [0x0000000601600000, 0x0000000800000000)
  region size 2048K, 22 young (45056K), 1 survivors (2048K)
 Metaspace       used 15022K, capacity 15281K, committed 15360K, reserved 1062912K
  class space    used 1654K, capacity 1768K, committed 1792K, reserved 1048576K
}
Event: 1.031 GC heap after
{Heap after GC invocations=5 (full 1):
 garbage-first heap   total 116736K, used 27090K [0x0000000601600000, 0x0000000800000000)
  region size 2048K, 3 young (6144K), 3 survivors (6144K)
 Metaspace       used 15022K, capacity 15281K, committed 15360K, reserved 1062912K
  class space    used 1654K, capacity 1768K, committed 1792K, reserved 1048576K
}
Event: 1.082 GC heap before
{Heap before GC invocations=5 (full 1):
 garbage-first heap   total 116736K, used 37330K [0x0000000601600000, 0x0000000800000000)
  region size 2048K, 9 young (18432K), 3 survivors (6144K)
 Metaspace       used 16061K, capacity 16369K, committed 16640K, reserved 1064960K
  class space    used 1850K, capacity 1960K, committed 2048K, reserved 1048576K
}
Event: 1.094 GC heap after
{Heap after GC invocations=6 (full 2):
 garbage-first heap   total 110592K, used 27033K [0x0000000601600000, 0x0000000800000000)
  region size 2048K, 0 young (0K), 0 survivors (0K)
 Metaspace       used 16061K, capacity 16369K, committed 16640K, reserved 1064960K
  class space    used 1850K, capacity 1960K, committed 2048K, reserved 1048576K
}
Event: 1.144 GC heap before
{Heap before GC invocations=6 (full 2):
 garbage-first heap   total 110592K, used 35225K [0x0000000601600000, 0x0000000800000000)
  region size 2048K, 5 young (10240K), 0 survivors (0K)
 Metaspace       used 16869K, capacity 17190K, committed 17280K, reserved 1064960K
  class space    used 1978K, capacity 2108K, committed 2176K, reserved 1048576K
}
Event: 1.158 GC heap after
{Heap after GC invocations=7 (full 3):
 garbage-first heap   total 102400K, used 27258K [0x0000000601600000, 0x0000000800000000)
  region size 2048K, 0 young (0K), 0 survivors (0K)
 Metaspace       used 16869K, capacity 17190K, committed 17280K, reserved 1064960K
  class space    used 1978K, capacity 2108K, committed 2176K, reserved 1048576K
}
Event: 2.023 GC heap before
{Heap before GC invocations=7 (full 3):
 garbage-first heap   total 102400K, used 64122K [0x0000000601600000, 0x0000000800000000)
  region size 2048K, 19 young (38912K), 0 survivors (0K)
 Metaspace       used 22852K, capacity 23230K, committed 23552K, reserved 1071104K
  class space    used 2588K, capacity 2735K, committed 2816K, reserved 1048576K
}
Event: 2.026 GC heap after
{Heap after GC invocations=8 (full 3):
 garbage-first heap   total 102400K, used 30198K [0x0000000601600000, 0x0000000800000000)
  region size 2048K, 2 young (4096K), 2 survivors (4096K)
 Metaspace       used 22852K, capacity 23230K, committed 23552K, reserved 1071104K
  class space    used 2588K, capacity 2735K, committed 2816K, reserved 1048576K
}
Event: 2.125 GC heap before
{Heap before GC invocations=8 (full 3):
 garbage-first heap   total 102400K, used 30198K [0x0000000601600000, 0x0000000800000000)
  region size 2048K, 3 young (6144K), 2 survivors (4096K)
 Metaspace       used 22855K, capacity 23230K, committed 23552K, reserved 1071104K
  class space    used 2589K, capacity 2735K, committed 2816K, reserved 1048576K
}
Event: 2.145 GC heap after
{Heap after GC invocations=9 (full 4):
 garbage-first heap   total 102400K, used 29371K [0x0000000601600000, 0x0000000800000000)
  region size 2048K, 0 young (0K), 0 survivors (0K)
 Metaspace       used 22855K, capacity 23230K, committed 23552K, reserved 1071104K
  class space    used 2589K, capacity 2735K, committed 2816K, reserved 1048576K
}

