# JRE version: OpenJDK Runtime Environment Zulu11.70+15-CA (11.0.22+7) (build 11.0.22+7-LTS)
# Java VM: OpenJDK 64-Bit Server VM Zulu11.70+15-CA (11.0.22+7-LTS, mixed mode, tiered, compressed oops, g1 gc, windows-amd64)
Heap:
 garbage-first heap   total 307200K, used 33147K [0x0000000601600000, 0x0000000800000000)
  region size 2048K, 4 young (8192K), 1 survivors (2048K)
 Metaspace       used 18509K, capacity 18872K, committed 18944K, reserved 1067008K
  class space    used 2190K, capacity 2302K, committed 2304K, reserved 1048576K
GC Heap History (16 events):
Event: 0.261 GC heap before
{Heap before GC invocations=0 (full 0):
 garbage-first heap   total 524288K, used 22528K [0x0000000601600000, 0x0000000800000000)
  region size 2048K, 12 young (24576K), 0 survivors (0K)
 Metaspace       used 5996K, capacity 6086K, committed 6144K, reserved 1056768K
  class space    used 465K, capacity 493K, committed 512K, reserved 1048576K
}
Event: 0.265 GC heap after
{Heap after GC invocations=1 (full 0):
 garbage-first heap   total 524288K, used 10552K [0x0000000601600000, 0x0000000800000000)
  region size 2048K, 2 young (4096K), 2 survivors (4096K)
 Metaspace       used 5996K, capacity 6086K, committed 6144K, reserved 1056768K
  class space    used 465K, capacity 493K, committed 512K, reserved 1048576K
}
Event: 0.427 GC heap before
{Heap before GC invocations=1 (full 0):
 garbage-first heap   total 524288K, used 28984K [0x0000000601600000, 0x0000000800000000)
  region size 2048K, 12 young (24576K), 2 survivors (4096K)
 Metaspace       used 7728K, capacity 7792K, committed 7936K, reserved 1056768K
  class space    used 624K, capacity 656K, committed 768K, reserved 1048576K
}
Event: 0.430 GC heap after
{Heap after GC invocations=2 (full 0):
 garbage-first heap   total 524288K, used 18350K [0x0000000601600000, 0x0000000800000000)
  region size 2048K, 2 young (4096K), 2 survivors (4096K)
 Metaspace       used 7728K, capacity 7792K, committed 7936K, reserved 1056768K
  class space    used 624K, capacity 656K, committed 768K, reserved 1048576K
}
Event: 0.720 GC heap before
{Heap before GC invocations=2 (full 0):
 garbage-first heap   total 524288K, used 49070K [0x0000000601600000, 0x0000000800000000)
  region size 2048K, 18 young (36864K), 2 survivors (4096K)
 Metaspace       used 11566K, capacity 11673K, committed 11904K, reserved 1060864K
  class space    used 1003K, capacity 1056K, committed 1152K, reserved 1048576K
}
Event: 0.730 GC heap after
{Heap after GC invocations=3 (full 1):
 garbage-first heap   total 110592K, used 21533K [0x0000000601600000, 0x0000000800000000)
  region size 2048K, 0 young (0K), 0 survivors (0K)
 Metaspace       used 11566K, capacity 11673K, committed 11904K, reserved 1060864K
  class space    used 1003K, capacity 1056K, committed 1152K, reserved 1048576K
}
Event: 0.890 GC heap before
{Heap before GC invocations=3 (full 1):
 garbage-first heap   total 110592K, used 44061K [0x0000000601600000, 0x0000000800000000)
  region size 2048K, 12 young (24576K), 0 survivors (0K)
 Metaspace       used 13332K, capacity 13578K, committed 13696K, reserved 1060864K
  class space    used 1290K, capacity 1374K, committed 1408K, reserved 1048576K
}
Event: 0.899 GC heap after
{Heap after GC invocations=4 (full 2):
 garbage-first heap   total 90112K, used 22582K [0x0000000601600000, 0x0000000800000000)
  region size 2048K, 0 young (0K), 0 survivors (0K)
 Metaspace       used 13332K, capacity 13578K, committed 13696K, reserved 1060864K
  class space    used 1290K, capacity 1374K, committed 1408K, reserved 1048576K
}
Event: 1.043 GC heap before
{Heap before GC invocations=4 (full 2):
 garbage-first heap   total 90112K, used 43062K [0x0000000601600000, 0x0000000800000000)
  region size 2048K, 10 young (20480K), 0 survivors (0K)
 Metaspace       used 14187K, capacity 14470K, committed 14720K, reserved 1062912K
  class space    used 1463K, capacity 1540K, committed 1664K, reserved 1048576K
}
Event: 1.045 GC heap after
{Heap after GC invocations=5 (full 2):
 garbage-first heap   total 90112K, used 24554K [0x0000000601600000, 0x0000000800000000)
  region size 2048K, 1 young (2048K), 1 survivors (2048K)
 Metaspace       used 14187K, capacity 14470K, committed 14720K, reserved 1062912K
  class space    used 1463K, capacity 1540K, committed 1664K, reserved 1048576K
}
Event: 1.098 GC heap before
{Heap before GC invocations=5 (full 2):
 garbage-first heap   total 90112K, used 49130K [0x0000000601600000, 0x0000000800000000)
  region size 2048K, 13 young (26624K), 1 survivors (2048K)
 Metaspace       used 14630K, capacity 14886K, committed 15104K, reserved 1062912K
  class space    used 1614K, capacity 1700K, committed 1792K, reserved 1048576K
}
Event: 1.102 GC heap after
{Heap after GC invocations=6 (full 2):
 garbage-first heap   total 90112K, used 26721K [0x0000000601600000, 0x0000000800000000)
  region size 2048K, 2 young (4096K), 2 survivors (4096K)
 Metaspace       used 14630K, capacity 14886K, committed 15104K, reserved 1062912K
  class space    used 1614K, capacity 1700K, committed 1792K, reserved 1048576K
}
Event: 1.102 GC heap before
{Heap before GC invocations=6 (full 2):
 garbage-first heap   total 90112K, used 26721K [0x0000000601600000, 0x0000000800000000)
  region size 2048K, 3 young (6144K), 2 survivors (4096K)
 Metaspace       used 14630K, capacity 14886K, committed 15104K, reserved 1062912K
  class space    used 1614K, capacity 1700K, committed 1792K, reserved 1048576K
}
Event: 1.117 GC heap after
{Heap after GC invocations=7 (full 3):
 garbage-first heap   total 90112K, used 26658K [0x0000000601600000, 0x0000000800000000)
  region size 2048K, 0 young (0K), 0 survivors (0K)
 Metaspace       used 14630K, capacity 14886K, committed 15104K, reserved 1062912K
  class space    used 1614K, capacity 1700K, committed 1792K, reserved 1048576K
}
Event: 1.170 GC heap before
{Heap before GC invocations=7 (full 3):
 garbage-first heap   total 90112K, used 34850K [0x0000000601600000, 0x0000000800000000)
  region size 2048K, 5 young (10240K), 0 survivors (0K)
 Metaspace       used 15546K, capacity 15825K, committed 16000K, reserved 1062912K
  class space    used 1768K, capacity 1864K, committed 1920K, reserved 1048576K
}
Event: 1.184 GC heap after
{Heap after GC invocations=8 (full 4):
 garbage-first heap   total 90112K, used 27003K [0x0000000601600000, 0x0000000800000000)
  region size 2048K, 0 young (0K), 0 survivors (0K)
 Metaspace       used 15546K, capacity 15825K, committed 16000K, reserved 1062912K
  class space    used 1768K, capacity 1864K, committed 1920K, reserved 1048576K
}

